2024-09-13 17:00:49 [[32minfo[39m] => Req: {"method":"POST","url":"/api/v1/auth/login","ip":"::1","params":{},"query":{},"body":{"email":"superadmin@gmail.com","password":"Admin@1234"}}
2024-09-13 17:16:50 [[32minfo[39m] => Req: {"method":"GET","url":"/api/v1/recipe/get/template","ip":"::1","params":{},"query":{},"body":{}}
2024-09-13 17:19:01 [[32minfo[39m] => Listening on port 4000
2024-09-13 17:19:02 [[32minfo[39m] => Pinged your deployment. You successfully connected to Mongodb : ac-ezn01wc-shard-00-01.u7waupw.mongodb.net
2024-09-13 17:19:06 [[32minfo[39m] => Req: {"method":"POST","url":"/api/v1/recipe/66e2ea33ef2398f227ae574f/parent-chemicals/","ip":"::1","params":{},"query":{},"body":{"templateId":"66e2c5880aa8cab7975eb749","chemicals":[{"chemicalId":"66bafc5c9ffeca523d9d9edd","ratio":1,"ratioUnit":"g/l"},{"chemicalId":"66bafc889ffeca523d9d9ef9","ratio":1,"ratioUnit":"g/l"},{"chemicalId":"66bafcac9ffeca523d9d9f15","ratio":1,"ratioUnit":"g/l"}]}}
2024-09-13 17:21:28 [[32minfo[39m] => Listening on port 4000
2024-09-13 17:21:28 [[32minfo[39m] => Pinged your deployment. You successfully connected to Mongodb : ac-ezn01wc-shard-00-01.u7waupw.mongodb.net
2024-09-13 17:21:33 [[32minfo[39m] => Req: {"method":"POST","url":"/api/v1/recipe/66e2ea33ef2398f227ae574f/parent-chemicals/","ip":"::1","params":{},"query":{},"body":{"templateId":"66e2c5880aa8cab7975eb749","chemicals":[{"chemicalId":"66bafc5c9ffeca523d9d9edd","ratio":1,"ratioUnit":"g/l"},{"chemicalId":"66bafc889ffeca523d9d9ef9","ratio":1,"ratioUnit":"g/l"},{"chemicalId":"66bafcac9ffeca523d9d9f15","ratio":1,"ratioUnit":"g/l"}]}}
2024-09-13 17:21:43 [[32minfo[39m] => Req: {"method":"POST","url":"/api/v1/recipe/66e2ea33ef2398f227ae574f/parent-chemicals/","ip":"::1","params":{},"query":{},"body":{"templateId":"66e2c5880aa8cab7975eb749","childChemicals":[{"chemicalId":"66bafc5c9ffeca523d9d9edd","ratio":1,"ratioUnit":"g/l"},{"chemicalId":"66bafc889ffeca523d9d9ef9","ratio":1,"ratioUnit":"g/l"},{"chemicalId":"66bafcac9ffeca523d9d9f15","ratio":1,"ratioUnit":"g/l"}]}}
2024-09-13 17:25:53 [[32minfo[39m] => Listening on port 4000
2024-09-13 17:25:54 [[32minfo[39m] => Pinged your deployment. You successfully connected to Mongodb : ac-ezn01wc-shard-00-00.u7waupw.mongodb.net
2024-09-13 17:25:57 [[32minfo[39m] => Req: {"method":"POST","url":"/api/v1/recipe/66e2ea33ef2398f227ae574f/parent-chemicals/","ip":"::1","params":{},"query":{},"body":{"templateId":"66e2c5880aa8cab7975eb749","childChemicals":[{"chemicalId":"66bafc5c9ffeca523d9d9edd","ratio":1,"ratioUnit":"g/l"},{"chemicalId":"66bafc889ffeca523d9d9ef9","ratio":1,"ratioUnit":"g/l"},{"chemicalId":"66bafcac9ffeca523d9d9f15","ratio":1,"ratioUnit":"g/l"}]}}
2024-09-13 17:28:12 [[32minfo[39m] => Listening on port 4000
2024-09-13 17:28:12 [[32minfo[39m] => Pinged your deployment. You successfully connected to Mongodb : ac-ezn01wc-shard-00-01.u7waupw.mongodb.net
2024-09-13 17:28:14 [[32minfo[39m] => Req: {"method":"POST","url":"/api/v1/recipe/66e2ea33ef2398f227ae574f/parent-chemicals/","ip":"::1","params":{},"query":{},"body":{"templateId":"66e2c5880aa8cab7975eb749","childChemicals":[{"chemicalId":"66bafc5c9ffeca523d9d9edd","ratio":1,"ratioUnit":"g/l"},{"chemicalId":"66bafc889ffeca523d9d9ef9","ratio":1,"ratioUnit":"g/l"},{"chemicalId":"66bafcac9ffeca523d9d9f15","ratio":1,"ratioUnit":"g/l"}]}}
2024-09-13 17:28:14 [[31merror[39m] => {"method":"POST","url":"/api/v1/recipe/66e2ea33ef2398f227ae574f/parent-chemicals/","params":{},"query":{},"body":{"templateId":"66e2c5880aa8cab7975eb749","childChemicals":[{"chemicalId":"66bafc5c9ffeca523d9d9edd","ratio":1,"ratioUnit":"g/l"},{"chemicalId":"66bafc889ffeca523d9d9ef9","ratio":1,"ratioUnit":"g/l"},{"chemicalId":"66bafcac9ffeca523d9d9f15","ratio":1,"ratioUnit":"g/l"}]},"ip":"::1","errorMessage":"masterTemplateServices.checkIfChemicalExists is not a function"}
2024-09-13 17:28:39 [[32minfo[39m] => Listening on port 4000
2024-09-13 17:28:40 [[32minfo[39m] => Pinged your deployment. You successfully connected to Mongodb : ac-ezn01wc-shard-00-02.u7waupw.mongodb.net
2024-09-13 17:28:43 [[32minfo[39m] => Req: {"method":"POST","url":"/api/v1/recipe/66e2ea33ef2398f227ae574f/parent-chemicals/","ip":"::1","params":{},"query":{},"body":{"templateId":"66e2c5880aa8cab7975eb749","childChemicals":[{"chemicalId":"66bafc5c9ffeca523d9d9edd","ratio":1,"ratioUnit":"g/l"},{"chemicalId":"66bafc889ffeca523d9d9ef9","ratio":1,"ratioUnit":"g/l"},{"chemicalId":"66bafcac9ffeca523d9d9f15","ratio":1,"ratioUnit":"g/l"}]}}
2024-09-13 17:28:48 [[32minfo[39m] => Req: {"method":"GET","url":"/api/v1/recipe","ip":"::1","params":{},"query":{},"body":{}}
2024-09-13 17:28:56 [[32minfo[39m] => Req: {"method":"POST","url":"/api/v1/recipe/66e41fdd272df39931e25c98/parent-chemicals/","ip":"::1","params":{},"query":{},"body":{"templateId":"66e2c5880aa8cab7975eb749","childChemicals":[{"chemicalId":"66bafc5c9ffeca523d9d9edd","ratio":1,"ratioUnit":"g/l"},{"chemicalId":"66bafc889ffeca523d9d9ef9","ratio":1,"ratioUnit":"g/l"},{"chemicalId":"66bafcac9ffeca523d9d9f15","ratio":1,"ratioUnit":"g/l"}]}}
2024-09-13 17:29:18 [[32minfo[39m] => Req: {"method":"POST","url":"/api/v1/recipe/66e41fdd272df39931e25c98/parent-chemicals/","ip":"::1","params":{},"query":{},"body":{"templateId":"66e2c5880aa8cab7975eb749","childChemicals":[{"chemicalId":"66bafc5c9ffeca523d9d9edd","ratio":1,"ratioUnit":"g/l"},{"chemicalId":"66bafc889ffeca523d9d9ef9","ratio":1,"ratioUnit":"g/l"},{"chemicalId":"66bafcac9ffeca523d9d9f15","ratio":1,"ratioUnit":"g/l"}]}}
2024-09-13 17:29:37 [[32minfo[39m] => Req: {"method":"POST","url":"/api/v1/recipe/66e41fdd272df39931e25c98/parent-chemicals/","ip":"::1","params":{},"query":{},"body":{"templateId":"66e2c5880aa8cab7975eb7491","childChemicals":[{"chemicalId":"66bafc5c9ffeca523d9d9edd","ratio":1,"ratioUnit":"g/l"},{"chemicalId":"66bafc889ffeca523d9d9ef9","ratio":1,"ratioUnit":"g/l"},{"chemicalId":"66bafcac9ffeca523d9d9f15","ratio":1,"ratioUnit":"g/l"}]}}
2024-09-13 17:29:48 [[32minfo[39m] => Req: {"method":"POST","url":"/api/v1/recipe/66e41fdd272df39931e25c98/parent-chemicals/","ip":"::1","params":{},"query":{},"body":{"templateId":"66e2c5880aa8cab7975eb749","childChemicals":[{"chemicalId":"66bafc5c9ffeca523d9d9edd","ratio":1,"ratioUnit":"g/l"},{"chemicalId":"66bafc889ffeca523d9d9ef9","ratio":1,"ratioUnit":"g/l"},{"chemicalId":"66bafcac9ffeca523d9d9f15","ratio":1,"ratioUnit":"g/l"}]}}
2024-09-13 17:31:11 [[32minfo[39m] => Req: {"method":"GET","url":"/api/v1/recipe","ip":"::1","params":{},"query":{},"body":{}}
2024-09-13 17:31:57 [[32minfo[39m] => Req: {"method":"DELETE","url":"/api/v1/recipe/66e41fdd272df39931e25c98/parent-chemicals/66e2c5880aa8cab7975eb749","ip":"::1","params":{},"query":{},"body":{}}
2024-09-13 17:32:04 [[32minfo[39m] => Listening on port 4000
2024-09-13 17:32:05 [[32minfo[39m] => Pinged your deployment. You successfully connected to Mongodb : ac-ezn01wc-shard-00-01.u7waupw.mongodb.net
2024-09-13 17:32:07 [[32minfo[39m] => Req: {"method":"DELETE","url":"/api/v1/recipe/66e41fdd272df39931e25c98/parent-chemicals/66e2c5880aa8cab7975eb749","ip":"::1","params":{},"query":{},"body":{}}
2024-09-13 17:32:17 [[32minfo[39m] => Req: {"method":"GET","url":"/api/v1/recipe","ip":"::1","params":{},"query":{},"body":{}}
2024-09-13 17:34:22 [[32minfo[39m] => Listening on port 4000
2024-09-13 17:34:22 [[32minfo[39m] => Pinged your deployment. You successfully connected to Mongodb : ac-ezn01wc-shard-00-00.u7waupw.mongodb.net
2024-09-13 17:34:26 [[32minfo[39m] => Req: {"method":"DELETE","url":"/api/v1/recipe/66e41fdd272df39931e25c98/parent-chemicals/66e2c5880aa8cab7975eb749","ip":"::1","params":{},"query":{},"body":{}}
2024-09-13 17:34:35 [[32minfo[39m] => Req: {"method":"GET","url":"/api/v1/recipe","ip":"::1","params":{},"query":{},"body":{}}
